c:\users\l.keil\desktop\arkanoid\arkanoid\bin\x64\release\arkanoid.ipdb
c:\users\l.keil\desktop\arkanoid\arkanoid\bin\x64\release\arkanoid.iobj
c:\users\l.keil\desktop\arkanoid\solution\x64\release\vc142.pdb
c:\users\l.keil\desktop\arkanoid\solution\x64\release\tile.obj
c:\users\l.keil\desktop\arkanoid\solution\x64\release\audiomixer.obj
c:\users\l.keil\desktop\arkanoid\solution\x64\release\renderedobject.obj
c:\users\l.keil\desktop\arkanoid\solution\x64\release\projectile.obj
c:\users\l.keil\desktop\arkanoid\solution\x64\release\player.obj
c:\users\l.keil\desktop\arkanoid\solution\x64\release\main.obj
c:\users\l.keil\desktop\arkanoid\solution\x64\release\game.obj
c:\users\l.keil\desktop\arkanoid\solution\x64\release\audiomanager.obj
c:\users\l.keil\desktop\arkanoid\solution\x64\release\arkanoid.obj
c:\users\l.keil\desktop\arkanoid\arkanoid\bin\x64\release\arkanoid.exe
c:\users\l.keil\desktop\arkanoid\arkanoid\bin\x64\release\arkanoid.pdb
c:\users\l.keil\desktop\arkanoid\solution\..\arkanoid\bin\x64\release\arkanoid.pdb
c:\users\l.keil\desktop\arkanoid\solution\..\arkanoid\bin\x64\release\arkanoid.exe
c:\users\l.keil\desktop\arkanoid\solution\x64\release\arkanoid.62e94d3d.tlog\arkanoid solution.write.1u.tlog
c:\users\l.keil\desktop\arkanoid\solution\x64\release\arkanoid.62e94d3d.tlog\cl.command.1.tlog
c:\users\l.keil\desktop\arkanoid\solution\x64\release\arkanoid.62e94d3d.tlog\cl.read.1.tlog
c:\users\l.keil\desktop\arkanoid\solution\x64\release\arkanoid.62e94d3d.tlog\cl.write.1.tlog
c:\users\l.keil\desktop\arkanoid\solution\x64\release\arkanoid.62e94d3d.tlog\link.command.1.tlog
c:\users\l.keil\desktop\arkanoid\solution\x64\release\arkanoid.62e94d3d.tlog\link.read.1.tlog
c:\users\l.keil\desktop\arkanoid\solution\x64\release\arkanoid.62e94d3d.tlog\link.write.1.tlog
