  pa_allocation.c
  pa_converters.c
  pa_cpuload.c
  pa_debugprint.c
  pa_dither.c
  pa_front.c
  pa_process.c
  pa_ringbuffer.c
  pa_stream.c
  pa_trace.c
  pa_win_ds.c
  pa_win_ds_dynlink.c
  pa_hostapi_skeleton.c
  pa_win_wasapi.c
  pa_win_wdmks.c
  pa_win_wmme.c
C:\Users\L.Keil\Desktop\Arkanoid\PortAudio\portaudio\src\hostapi\wmme\pa_win_wmme.c(676,46): warning C4312: 'type cast': conversion from 'int' to 'HWAVEIN' of greater size
C:\Users\L.Keil\Desktop\Arkanoid\PortAudio\portaudio\src\hostapi\wmme\pa_win_wmme.c(685,46): warning C4312: 'type cast': conversion from 'int' to 'HWAVEIN' of greater size
C:\Users\L.Keil\Desktop\Arkanoid\PortAudio\portaudio\src\hostapi\wmme\pa_win_wmme.c(806,49): warning C4312: 'type cast': conversion from 'int' to 'HWAVEOUT' of greater size
C:\Users\L.Keil\Desktop\Arkanoid\PortAudio\portaudio\src\hostapi\wmme\pa_win_wmme.c(815,49): warning C4312: 'type cast': conversion from 'int' to 'HWAVEOUT' of greater size
C:\Users\L.Keil\Desktop\Arkanoid\PortAudio\portaudio\src\hostapi\wmme\pa_win_wmme.c(1020,40): warning C4312: 'type cast': conversion from 'UINT' to 'HWAVEIN' of greater size
C:\Users\L.Keil\Desktop\Arkanoid\PortAudio\portaudio\src\hostapi\wmme\pa_win_wmme.c(1024,42): warning C4312: 'type cast': conversion from 'UINT' to 'HWAVEOUT' of greater size
  pa_win_coinitialize.c
  pa_win_hostapis.c
  pa_win_util.c
  pa_win_waveformat.c
  Generating Code...
  Compiling...
  pa_win_wdmks_utils.c
  pa_x86_plain_converters.c
  Generating Code...
  asio.cpp
  asiodrivers.cpp
  asiolist.cpp
C:\Users\L.Keil\Desktop\Arkanoid\PortAudio\portaudio\src\hostapi\asio\ASIOSDK\host\pc\asiolist.cpp(24,41): warning C4267: 'argument': conversion from 'size_t' to 'DWORD', possible loss of data
C:\Users\L.Keil\Desktop\Arkanoid\PortAudio\portaudio\src\hostapi\asio\ASIOSDK\host\pc\asiolist.cpp(31,42): warning C4267: 'argument': conversion from 'size_t' to 'DWORD', possible loss of data
  pa_asio.cpp
  Generating Code...
C:\Program Files (x86)\Microsoft Visual Studio\2019\Community\MSBuild\Microsoft\VC\v160\Microsoft.CppBuild.targets(1288,5): warning MSB8012: TargetPath(C:\Users\L.Keil\Desktop\Arkanoid\PortAudio\portaudio\build\msvc\x64\ReleaseMinDependency\portaudio.dll) does not match the Linker's OutputFile property value (C:\Users\L.Keil\Desktop\Arkanoid\PortAudio\portaudio\build\msvc\x64\ReleaseMinDependency\portaudio_x64.dll). This may cause your project to build incorrectly. To correct this, please make sure that $(OutDir), $(TargetName) and $(TargetExt) property values match the value specified in %(Link.OutputFile).
C:\Program Files (x86)\Microsoft Visual Studio\2019\Community\MSBuild\Microsoft\VC\v160\Microsoft.CppBuild.targets(1290,5): warning MSB8012: TargetName(portaudio) does not match the Linker's OutputFile property value (portaudio_x64). This may cause your project to build incorrectly. To correct this, please make sure that $(OutDir), $(TargetName) and $(TargetExt) property values match the value specified in %(Link.OutputFile).
     Creating library x64\ReleaseMinDependency/portaudio_x64.lib and object x64\ReleaseMinDependency/portaudio_x64.exp
  portaudio.vcxproj -> C:\Users\L.Keil\Desktop\Arkanoid\PortAudio\portaudio\build\msvc\x64\ReleaseMinDependency\portaudio.dll
